<?xml version="1.0" encoding="UTF-8"?>
<!-- Generated by org.testng.reporters.JUnitReportReporter -->
<testsuite hostname="DESKTOP-4750ECB" failures="0" tests="4" name="TestLayer.HomePageTest" time="153.030" errors="0" timestamp="2023-06-21T17:42:21 IST" skipped="0">
  <testcase classname="TestLayer.HomePageTest" name="getHomePageTitleTest" time="24.665"/>
  <testcase classname="TestLayer.HomePageTest" name="validateHomePageTest" time="68.779"/>
  <testcase classname="TestLayer.HomePageTest" name="adminTest" time="23.168"/>
  <testcase classname="TestLayer.HomePageTest" name="selectDropDownTest" time="36.418"/>
</testsuite> <!-- TestLayer.HomePageTest -->
