<?xml version="1.0" encoding="UTF-8"?>
<!-- Generated by org.testng.reporters.JUnitReportReporter -->
<testsuite hostname="DESKTOP-4750ECB" failures="0" tests="2" name="TestLayer.EducationPageTest" time="104.946" errors="0" timestamp="2023-06-14T20:53:09 IST" skipped="0">
  <testcase classname="TestLayer.EducationPageTest" name="validateEducationPageTest" time="49.576"/>
  <testcase classname="TestLayer.EducationPageTest" name="clickOnDeleteTest" time="55.370"/>
</testsuite> <!-- TestLayer.EducationPageTest -->
