<?xml version="1.0" encoding="UTF-8"?>
<!-- Generated by org.testng.reporters.JUnitReportReporter -->
<testsuite hostname="DESKTOP-4750ECB" failures="0" tests="2" name="TestLayer.EducationPageTest" time="73.800" errors="0" timestamp="2023-06-21T17:42:21 IST" skipped="0">
  <testcase classname="TestLayer.EducationPageTest" name="validateEducationPageTest" time="34.973"/>
  <testcase classname="TestLayer.EducationPageTest" name="clickOnDeleteTest" time="38.827"/>
</testsuite> <!-- TestLayer.EducationPageTest -->
