<?xml version="1.0" encoding="UTF-8"?>
<!-- Generated by org.testng.reporters.JUnitReportReporter -->
<testsuite hostname="DESKTOP-4750ECB" failures="0" tests="2" name="TestLayer.AdminPageTest" time="69.273" errors="0" timestamp="2023-06-21T17:42:21 IST" skipped="0">
  <testcase classname="TestLayer.AdminPageTest" name="validateHomePageTest" time="29.413"/>
  <testcase classname="TestLayer.AdminPageTest" name="clickOnEducationTest" time="39.860"/>
</testsuite> <!-- TestLayer.AdminPageTest -->
