<?xml version="1.0" encoding="UTF-8"?>
<!-- Generated by org.testng.reporters.JUnitReportReporter -->
<testsuite hostname="DESKTOP-4750ECB" failures="0" tests="4" name="TestLayer.HomePageTest" time="32.725" errors="0" timestamp="2023-06-15T11:55:37 IST" skipped="3">
  <testcase classname="TestLayer.HomePageTest" name="selectDropDownTest" time="32.725"/>
  <testcase classname="TestLayer.HomePageTest" name="getHomePageTitleTest">
    <skipped/>
  </testcase> <!-- getHomePageTitleTest -->
  <testcase classname="TestLayer.HomePageTest" name="validateHomePageTest">
    <skipped/>
  </testcase> <!-- validateHomePageTest -->
  <testcase classname="TestLayer.HomePageTest" name="adminTest">
    <skipped/>
  </testcase> <!-- adminTest -->
</testsuite> <!-- TestLayer.HomePageTest -->
