<?xml version="1.0" encoding="UTF-8"?>
<!-- Generated by org.testng.reporters.JUnitReportReporter -->
<testsuite hostname="DESKTOP-4750ECB" failures="0" tests="7" name="TestLayer.LoginPageTest" time="252.020" errors="0" timestamp="2023-06-15T10:42:41 IST" skipped="1">
  <testcase classname="TestLayer.LoginPageTest" name="loginTest" time="44.174"/>
  <testcase classname="TestLayer.LoginPageTest" name="loginTest" time="38.507"/>
  <testcase classname="TestLayer.LoginPageTest" name="loginTest" time="49.333"/>
  <testcase classname="TestLayer.LoginPageTest" name="loginTest" time="39.522"/>
  <testcase classname="TestLayer.LoginPageTest" name="loginTest" time="40.324"/>
  <testcase classname="TestLayer.LoginPageTest" name="loginTest" time="40.160"/>
  <testcase classname="TestLayer.LoginPageTest" name="validateurl">
    <skipped/>
  </testcase> <!-- validateurl -->
</testsuite> <!-- TestLayer.LoginPageTest -->
