<?xml version="1.0" encoding="UTF-8"?>
<!-- Generated by org.testng.reporters.JUnitReportReporter -->
<testsuite hostname="DESKTOP-4750ECB" failures="0" tests="3" name="TestLayer.HomePageTest" time="57.591" errors="0" timestamp="2023-06-14T11:10:25 IST" skipped="0">
  <testcase classname="TestLayer.HomePageTest" name="getHomePageTitleTest" time="16.957"/>
  <testcase classname="TestLayer.HomePageTest" name="validateHomePageTest" time="16.858"/>
  <testcase classname="TestLayer.HomePageTest" name="adminTest" time="23.776"/>
</testsuite> <!-- TestLayer.HomePageTest -->
