<?xml version="1.0" encoding="UTF-8"?>
<!-- Generated by org.testng.reporters.JUnitReportReporter -->
<testsuite hostname="DESKTOP-4750ECB" failures="0" tests="2" name="TestLayer.LoginPageTest" time="61.977" errors="0" timestamp="2023-06-14T11:10:25 IST" skipped="0">
  <testcase classname="TestLayer.LoginPageTest" name="validateurl" time="23.836"/>
  <testcase classname="TestLayer.LoginPageTest" name="loginTest" time="38.141"/>
</testsuite> <!-- TestLayer.LoginPageTest -->
