<?xml version="1.0" encoding="UTF-8"?>
<!-- Generated by org.testng.reporters.JUnitReportReporter -->
<testsuite hostname="DESKTOP-4750ECB" failures="0" tests="2" name="TestLayer.AdminPageTest" time="66.317" errors="0" timestamp="2023-06-14T11:10:25 IST" skipped="0">
  <testcase classname="TestLayer.AdminPageTest" name="validateHomePageTest" time="30.394"/>
  <testcase classname="TestLayer.AdminPageTest" name="adminViaDropDownTest" time="35.923"/>
</testsuite> <!-- TestLayer.AdminPageTest -->
